<?xml version="1.0" encoding="UTF-8"?>
<robot generator="Robot 5.0.1 (Python 3.10.4 on linux)" generated="20220906 12:29:43.569" rpa="false" schemaversion="3">
<suite id="s1" name="Tests" source="/home/dmd-pc-testeur/VSCode Projects/LearnRobotFRamework/Tests">
<suite id="s1-s1" name="Main" source="/home/dmd-pc-testeur/VSCode Projects/LearnRobotFRamework/Tests/main.robot">
<test id="s1-s1-t1" name="Main Test" line="22">
<kw name="First Keyword">
<kw name="Open Browser" library="SeleniumLibrary">
<arg>about:blank</arg>
<arg>${navigateur}</arg>
<doc>Opens a new browser instance to the optional ``url``.</doc>
<msg timestamp="20220906 12:29:43.648" level="INFO">Opening browser 'Chrome' to base url 'about:blank'.</msg>
<status status="PASS" starttime="20220906 12:29:43.648" endtime="20220906 12:29:44.509"/>
</kw>
<kw name="Maximize Browser Window" library="SeleniumLibrary">
<doc>Maximizes current browser window.</doc>
<status status="PASS" starttime="20220906 12:29:44.509" endtime="20220906 12:29:44.612"/>
</kw>
<kw name="Go To" library="SeleniumLibrary">
<arg>${url}</arg>
<doc>Navigates the current browser window to the provided ``url``.</doc>
<msg timestamp="20220906 12:29:44.613" level="INFO">Opening url 'https://www.github.com/'</msg>
<status status="PASS" starttime="20220906 12:29:44.613" endtime="20220906 12:29:46.712"/>
</kw>
<kw name="Close Browser" library="SeleniumLibrary">
<doc>Closes the current browser.</doc>
<status status="PASS" starttime="20220906 12:29:46.712" endtime="20220906 12:29:46.768"/>
</kw>
<status status="PASS" starttime="20220906 12:29:43.648" endtime="20220906 12:29:46.768"/>
</kw>
<status status="PASS" starttime="20220906 12:29:43.647" endtime="20220906 12:29:46.769"/>
</test>
<status status="PASS" starttime="20220906 12:29:43.578" endtime="20220906 12:29:46.769"/>
</suite>
<status status="PASS" starttime="20220906 12:29:43.569" endtime="20220906 12:29:46.770"/>
</suite>
<statistics>
<total>
<stat pass="1" fail="0" skip="0">All Tests</stat>
</total>
<tag>
</tag>
<suite>
<stat pass="1" fail="0" skip="0" id="s1" name="Tests">Tests</stat>
<stat pass="1" fail="0" skip="0" id="s1-s1" name="Main">Tests.Main</stat>
</suite>
</statistics>
<errors>
</errors>
</robot>
